<?xml version="1.0" encoding="UTF-8"?>
<!-- Generated by org.testng.reporters.JUnitReportReporter -->
<testsuite hostname="DESKTOP-8IF7O58" failures="0" tests="7" name="testPack.BmiCalPageTest" time="68.286" errors="0" timestamp="2020-11-19T15:31:11 EST" skipped="0">
  <testcase classname="testPack.BmiCalPageTest" name="NoHeightAndNoWeight" time="9.162"/>
  <system-out/>
  <testcase classname="testPack.BmiCalPageTest" name="ValidHeightAndNoWeight" time="4.371"/>
  <system-out/>
  <testcase classname="testPack.BmiCalPageTest" name="NoHeightAndValidWeight" time="8.454"/>
  <system-out/>
  <testcase classname="testPack.BmiCalPageTest" name="UnderweightCategory" time="4.560"/>
  <system-out/>
  <testcase classname="testPack.BmiCalPageTest" name="NormalCategory" time="12.669"/>
  <system-out/>
  <testcase classname="testPack.BmiCalPageTest" name="OverweightCategory" time="16.653"/>
  <system-out/>
  <testcase classname="testPack.BmiCalPageTest" name="ObesityCategory" time="12.417"/>
  <system-out/>
</testsuite> <!-- testPack.BmiCalPageTest -->
