<?xml version="1.0" encoding="UTF-8"?>
<!-- Generated by org.testng.reporters.JUnitReportReporter -->
<testsuite hostname="DESKTOP-8IF7O58" failures="0" tests="8" name="Test.MCPageTestByExcelData" time="67.846" errors="0" timestamp="2020-11-09T16:04:05 EST" skipped="0">
  <testcase classname="Test.MCPageTestByExcelData" name="McregistrationForm" time="7.671"/>
  <system-out/>
  <testcase classname="Test.MCPageTestByExcelData" name="McregistrationForm" time="8.028"/>
  <system-out/>
  <testcase classname="Test.MCPageTestByExcelData" name="McregistrationForm" time="8.061"/>
  <system-out/>
  <testcase classname="Test.MCPageTestByExcelData" name="McregistrationForm" time="8.689"/>
  <system-out/>
  <testcase classname="Test.MCPageTestByExcelData" name="McregistrationForm" time="8.267"/>
  <system-out/>
  <testcase classname="Test.MCPageTestByExcelData" name="McregistrationForm" time="8.778"/>
  <system-out/>
  <testcase classname="Test.MCPageTestByExcelData" name="McregistrationForm" time="10.045"/>
  <system-out/>
  <testcase classname="Test.MCPageTestByExcelData" name="McregistrationForm" time="8.307"/>
  <system-out/>
</testsuite> <!-- Test.MCPageTestByExcelData -->
