<?xml version="1.0" encoding="UTF-8"?>
<!-- Generated by org.testng.reporters.JUnitReportReporter -->
<testsuite hostname="DESKTOP-8IF7O58" failures="0" tests="6" name="Test.MCPageTest" time="14.964" errors="0" timestamp="2020-11-09T16:02:37 EST" skipped="0">
  <testcase classname="Test.MCPageTest" name="McregistrationForm" time="2.013"/>
  <system-out/>
  <testcase classname="Test.MCPageTest" name="McregistrationForm" time="3.250"/>
  <system-out/>
  <testcase classname="Test.MCPageTest" name="McregistrationForm" time="2.048"/>
  <system-out/>
  <testcase classname="Test.MCPageTest" name="McregistrationForm" time="3.930"/>
  <system-out/>
  <testcase classname="Test.MCPageTest" name="McregistrationForm" time="1.884"/>
  <system-out/>
  <testcase classname="Test.MCPageTest" name="McregistrationForm" time="1.839"/>
  <system-out/>
</testsuite> <!-- Test.MCPageTest -->
