<?xml version="1.0" encoding="UTF-8"?>
<!-- Generated by org.testng.reporters.JUnitReportReporter -->
<testsuite hostname="DESKTOP-8IF7O58" failures="0" tests="7" name="Test.BmiCalPageTest" time="69.120" errors="0" timestamp="2020-11-09T17:11:45 EST" skipped="0">
  <testcase classname="Test.BmiCalPageTest" name="NoHeightAndNoWeight" time="11.061"/>
  <system-out/>
  <testcase classname="Test.BmiCalPageTest" name="ValidHeightAndNoWeight" time="4.372"/>
  <system-out/>
  <testcase classname="Test.BmiCalPageTest" name="NoHeightAndValidWeight" time="8.250"/>
  <system-out/>
  <testcase classname="Test.BmiCalPageTest" name="UnderweightCategory" time="4.404"/>
  <system-out/>
  <testcase classname="Test.BmiCalPageTest" name="NormalCategory" time="12.383"/>
  <system-out/>
  <testcase classname="Test.BmiCalPageTest" name="OverweightCategory" time="16.376"/>
  <system-out/>
  <testcase classname="Test.BmiCalPageTest" name="ObesityCategory" time="12.274"/>
  <system-out/>
</testsuite> <!-- Test.BmiCalPageTest -->
