<?xml version="1.0" encoding="UTF-8"?>
<!-- Generated by org.testng.reporters.JUnitReportReporter -->
<testsuite hostname="DESKTOP-8IF7O58" failures="0" tests="6" name="testPack.MCPageTest" time="20.761" errors="0" timestamp="2020-11-19T14:59:37 EST" skipped="0">
  <testcase classname="testPack.MCPageTest" name="McregistrationForm" time="4.277"/>
  <system-out/>
  <testcase classname="testPack.MCPageTest" name="McregistrationForm" time="3.509"/>
  <system-out/>
  <testcase classname="testPack.MCPageTest" name="McregistrationForm" time="2.035"/>
  <system-out/>
  <testcase classname="testPack.MCPageTest" name="McregistrationForm" time="2.811"/>
  <system-out/>
  <testcase classname="testPack.MCPageTest" name="McregistrationForm" time="3.173"/>
  <system-out/>
  <testcase classname="testPack.MCPageTest" name="McregistrationForm" time="4.956"/>
  <system-out/>
</testsuite> <!-- testPack.MCPageTest -->
