<?xml version="1.0" encoding="UTF-8"?>
<!-- Generated by org.testng.reporters.JUnitReportReporter -->
<testsuite hostname="DESKTOP-8IF7O58" failures="0" tests="5" name="Test.FundTransfrPageTest" time="26.280" errors="0" timestamp="2020-11-09T16:01:57 EST" skipped="0">
  <testcase classname="Test.FundTransfrPageTest" name="ValidPayeeAndNoAmount" time="6.544"/>
  <system-out/>
  <testcase classname="Test.FundTransfrPageTest" name="ValidPayeeAndInvalidAmount" time="4.380"/>
  <system-out/>
  <testcase classname="Test.FundTransfrPageTest" name="ValidPayeeAndValidAmount" time="4.494"/>
  <system-out/>
  <testcase classname="Test.FundTransfrPageTest" name="InValidPayeeAndValidAmount" time="6.569"/>
  <system-out/>
  <testcase classname="Test.FundTransfrPageTest" name="InValidPayeeAndInValidAmount" time="4.293"/>
  <system-out/>
</testsuite> <!-- Test.FundTransfrPageTest -->
