<?xml version="1.0" encoding="UTF-8"?>
<!-- Generated by org.testng.reporters.JUnitReportReporter -->
<testsuite hostname="DESKTOP-8IF7O58" failures="0" tests="3" name="Test.PhPageTest" time="12.427" errors="0" timestamp="2020-11-09T16:07:13 EST" skipped="0">
  <testcase classname="Test.PhPageTest" name="registrationForm" time="3.603"/>
  <system-out/>
  <testcase classname="Test.PhPageTest" name="registrationForm" time="4.850"/>
  <system-out/>
  <testcase classname="Test.PhPageTest" name="registrationForm" time="3.974"/>
  <system-out/>
</testsuite> <!-- Test.PhPageTest -->
