<?xml version="1.0" encoding="UTF-8"?>
<!-- Generated by org.testng.reporters.JUnitReportReporter -->
<testsuite hostname="DESKTOP-8IF7O58" failures="0" tests="6" name="Test.PhPageTestByExcelData" time="48.620" errors="0" timestamp="2020-11-09T16:09:25 EST" skipped="0">
  <testcase classname="Test.PhPageTestByExcelData" name="registrationForm" time="7.890"/>
  <system-out/>
  <testcase classname="Test.PhPageTestByExcelData" name="registrationForm" time="7.819"/>
  <system-out/>
  <testcase classname="Test.PhPageTestByExcelData" name="registrationForm" time="7.956"/>
  <system-out/>
  <testcase classname="Test.PhPageTestByExcelData" name="registrationForm" time="8.839"/>
  <system-out/>
  <testcase classname="Test.PhPageTestByExcelData" name="registrationForm" time="8.055"/>
  <system-out/>
  <testcase classname="Test.PhPageTestByExcelData" name="registrationForm" time="8.061"/>
  <system-out/>
</testsuite> <!-- Test.PhPageTestByExcelData -->
